<?xml version="1.0" encoding="UTF-8"?>
<!-- Generated by org.testng.reporters.JUnitReportReporter -->
<testsuite skipped="0" hostname="HALIL" name="qaclickacademy.AppiumTest" tests="2" failures="0" timestamp="13 Feb 2019 02:11:33 GMT" time="0.018" errors="0">
  <testcase name="nativeAPPandroid" time="0.006" classname="qaclickacademy.AppiumTest"/>
  <testcase name="IOSapps" time="0.012" classname="qaclickacademy.AppiumTest"/>
</testsuite> <!-- qaclickacademy.AppiumTest -->
