<?xml version="1.0" encoding="UTF-8"?>
<!-- Generated by org.testng.reporters.JUnitReportReporter -->
<testsuite skipped="0" hostname="HALIL" name="qaclickacademy.SeleniumTest" tests="2" failures="0" timestamp="13 Feb 2019 02:55:33 GMT" time="0.031" errors="0">
  <testcase name="elementsUI" time="0.006" classname="qaclickacademy.SeleniumTest"/>
  <testcase name="browserAutomation" time="0.025" classname="qaclickacademy.SeleniumTest"/>
</testsuite> <!-- qaclickacademy.SeleniumTest -->
