<?xml version="1.0" encoding="UTF-8"?>
<!-- Generated by org.testng.reporters.JUnitReportReporter -->
<testsuite skipped="0" hostname="HALIL" name="qaclickacademy.RestAPITest" tests="2" failures="0" timestamp="13 Feb 2019 02:55:33 GMT" time="0.005" errors="0">
  <testcase name="deleteTwitter" time="0.003" classname="qaclickacademy.RestAPITest"/>
  <testcase name="postJira" time="0.002" classname="qaclickacademy.RestAPITest"/>
</testsuite> <!-- qaclickacademy.RestAPITest -->
